Files:
AQMod.XNA.dll
You can find this mod's .dll files under ModLoader\references\mods for easy mod collaboration!
AQMod.XNA.pdb
AQMod.FNA.dll
AQMod.FNA.pdb
AQMod.FNA.dll.mdb
build.txt
Effects/ScreenDistort.fx
Items/Misc/QuestRobster/JeweledCandelabra.png
AQMod.cs
Effects/ScreenDistort.xnb
Assets/Textures/Glows/Glow_52.png
Localization/pt-BR.lang
Effects/Scroll.fx
Localization/TextCallback.cs
Items/Misc/QuestRobster/JeweledChalice.cs
Effects/Scroll.xnb
Localization/TranslationsHelp.txt
AQPlayer.cs
Assets/Textures/Glows/Glow_53.png
Items/Misc/QuestRobster/JeweledChalice.png
icon.png
Effects/Trailshader.cs
Items/Misc/QuestRobster/Snobster.cs
Assets/Enumerators/EffectID.cs
Assets/Enumerators/LightID.cs
Assets/Enumerators/PlayerHeadOverlayID.cs
Assets/Enumerators/PlayerMaskID.cs
Items/Misc/QuestRobster/Snobster.png
Assets/Enumerators/TrailID.cs
Effects/Trailshader.xnb
Items/Placeable/ExoticCoral.cs
Localization/zh-Hans.lang
Assets/ItemOverlays/DynamicGlowmask.cs
Items/Placeable/ExoticCoral.png
Assets/ItemOverlays/DynamicInventoryGlowmask.cs
NPCs/BloodMimic.cs
Items/Placeable/ExoticStarfish.cs
Assets/ItemOverlays/EnergyOverlay.cs
changelogs.txt
Items/Placeable/ExoticStarfish.png
Assets/ItemOverlays/Glowmask.cs
Items/Placeable/FishingCraftingStation.cs
Assets/ItemOverlays/InventoryGlowmask.cs
Assets/ItemOverlays/ItemOverlay.cs
Gores/ArrowCrab_0.png
Assets/ItemOverlays/ItemOverlayLoader.cs
Items/Placeable/FishingCraftingStation.png
NPCs/BloodMimic.png
Items/Placeable/GoreNestItem.cs
NPCs/AI/AIClone.cs
Assets/ItemOverlays/QiOverlay.cs
Items/Placeable/GoreNestItem.png
Gores/ArrowCrab_1.png
Assets/ItemOverlays/SpectralLensOverlay.cs
Items/Placeable/PlaceableCrimsonHeart.cs
Gores/ArrowCrab_2.png
Gores/BloodMimic_0.png
Items/Placeable/PlaceableCrimsonHeart.png
description.txt
Gores/BloodMimic_1.png
Assets/Textures/AQTextureAssets.cs
Items/Placeable/PlaceableShadowOrb.cs
Gores/HermitCrab_0.png
Items/Placeable/PlaceableShadowOrb.png
Gores/HermitCrab_1.png
Items/Placeable/Banners/HyperStariteBanner.cs
Gores/HermitCrab_2.png
Gores/HermitCrab_3.png
Items/Placeable/Banners/HyperStariteBanner.png
Gores/HermitCrab_4.png
Assets/Textures/eggshells.png
Items/Placeable/Banners/StariteBanner.cs
Assets/ItemOverlays/UltimateEnergyOverlay.cs
Gores/JerryChain_0.png
Items/Placeable/Banners/StariteBanner.png
Gores/JerryChain_1.png
Items/Placeable/Banners/SuperStariteBanner.cs
Assets/ItemOverlays/UltimateSwordOverlay.cs
Assets/PlayerLayers/PlayerDrawLayerInstances.cs
Assets/PlayerLayers/PlayerHeadLayerWrapper.cs
Items/Placeable/Banners/SuperStariteBanner.png
Assets/PlayerLayers/PlayerLayerWrapper.cs
Items/Placeable/Mushrooms/ArgonMushroom.cs
NPCs/AI/AIFighter.cs
Assets/PlayerLayers/PostDraw.cs
Items/Placeable/Mushrooms/ArgonMushroom.png
Gores/JerryClaw_0.png
Items/Placeable/Mushrooms/KryptonMushroom.cs
Assets/PlayerLayers/PostDrawBody.cs
NPCs/AI/AIMimic.cs
Assets/Textures/Empty.png
Items/BossItems/Starite/StariteBag.png
Assets/PlayerLayers/PostDrawHead.cs
Assets/Textures/ExtraID.cs
Gores/JerryClaw_1.png
Items/BossItems/Starite/UltimateStarfruit.cs
Assets/PlayerLayers/PostDrawHeadHead.cs
Assets/Textures/GlowID.cs
Assets/PlayerLayers/PostDrawHeldItem.cs
Assets/PlayerLayers/PreDraw.cs
Items/BossItems/Starite/UltimateStarfruit.png
Assets/PlayerLayers/SpecialBodyID.cs
Assets/PlayerLayers/SpecialHeadID.cs
Items/Placeable/Mushrooms/KryptonMushroom.png
Items/BossItems/Starite/UltimateSword.cs
Assets/Sounds/Music/AQMusicCollector.cs
Assets/Sounds/Music/AQMusicManager.cs
Tiles/Torches.png
Items/BossItems/Starite/UltimateSword.png
Gores/JerryClaw_2.png
Tiles/Trophies.cs
Items/BuffItems/Molite.cs
Items/Placeable/Mushrooms/XenonMushroom.cs
Items/Placeable/Mushrooms/XenonMushroom.png
Items/BuffItems/Molite.png
Tiles/Trophies.png
Walls/MoonlightWallWall.cs
Items/BuffItems/MoliteTag.cs
Gores/JerryCrabson_0.png
Items/Placeable/Torches/ExoticBlueTorch.cs
Assets/Textures/HeadOverlay_0.png
Items/BuffItems/MoliteTag.png
Items/BuffItems/MysteryGrail.cs
NPCs/Glimmer/HyperSpike.cs
Items/Placeable/Torches/ExoticBlueTorch.png
Items/Placeable/Torches/ExoticBlueTorch_Flame.png
Items/BuffItems/MysteryGrail.png
Items/Placeable/Torches/ExoticGreenTorch.cs
Items/Placeable/Torches/ExoticGreenTorch.png
Items/BuffItems/OpposingPotion.cs
Items/Placeable/Torches/ExoticGreenTorch_Flame.png
Gores/JerryCrabson_1.png
Items/BuffItems/OpposingPotion.png
Items/Placeable/Torches/ExoticRedTorch.cs
Gores/StriderCrab_0.png
Items/Placeable/Torches/ExoticRedTorch.png
Items/BuffItems/PotionofBossrushium.cs
Items/Placeable/Torches/ExoticRedTorch_Flame.png
Gores/StriderCrab_1.png
Items/BuffItems/PotionofBossrushium.png
Items/Placeable/Torches/UltrabrightBlueTorch.cs
Items/BuffItems/SpoilsPotion.cs
Gores/StriderCrab_2.png
Items/Placeable/Torches/UltrabrightBlueTorch.png
NPCs/Glimmer/HyperStarite.cs
Items/BuffItems/SpoilsPotion.png
Assets/Textures/HeadOverlay_2.png
Items/BuffItems/Foods/NeutronJuice.cs
Items/Placeable/Torches/UltrabrightGreenTorch.cs
Items/BuffItems/Foods/NeutronJuice.png
Items/Placeable/Torches/UltrabrightGreenTorch.png
Items/BuffItems/Foods/SpicyEel.cs
Items/Placeable/Torches/UltrabrightRedTorch.cs
NPCs/Glimmer/HyperStarite.png
Items/Placeable/Torches/UltrabrightRedTorch.png
NPCs/Glimmer/Starite.cs
Items/BuffItems/Foods/SpicyEel.png
Items/BuffItems/Foods/SuspiciousLookingSteak.cs
Items/Placeable/Walls/MoonlightWall.cs
NPCs/Glimmer/Starite.png
NPCs/Glimmer/StariteShot.cs
Items/Placeable/Walls/MoonlightWall.png
Walls/MoonlightWallWall.png
Items/Placeable/WorldInteractors/GlimmeringStatue.cs
NPCs/Glimmer/StariteShot.png
Assets/Textures/Extras/Extra_2.png
Assets/Textures/HeadOverlay_3.png
Items/Placeable/WorldInteractors/GlimmeringStatue.png
Assets/Textures/Pixel.png
NPCs/Glimmer/SuperStarite.cs
Items/Vanities/CelesitalEightBall.cs
Assets/Textures/Glows/Glow_54.png
Items/Vanities/CelesitalEightBall.png
Items/Vanities/FishyFins.cs
Items/Vanities/FishyFins.png
NPCs/Glimmer/SuperStarite.png
Assets/Textures/Glows/Glow_55.png
Items/Vanities/MonoxideHat.cs
NPCs/Glimmer/OmegaStar/ItemProjectile.cs
Assets/Textures/Glows/Glow_56.png
Items/Vanities/MonoxideHat.png
NPCs/Glimmer/OmegaStar/OmegaBullet.cs
Items/Vanities/CursorDyes/CursorDyeRemover.cs
Assets/Textures/Glows/Glow_6.png
NPCs/Glimmer/OmegaStar/OmegaBullet.png
Gores/StriderCrab_3.png
NPCs/Glimmer/OmegaStar/OmegaRay.cs
Assets/Textures/Extras/Extra_20.png
Gores/StriderCrab_4.png
Gores/StriderCrab_5.png
Assets/Textures/PlayerMask_0.png
Gores/StriderCrab_6.png
Assets/Textures/TEA.cs
Items/Vanities/CursorDyes/CursorDyeRemover.png
Gores/StriderCrab_7.png
Items/Vanities/CursorDyes/HealthCursorDye.cs
Gores/StriderCrab_8.png
Items/Vanities/CursorDyes/HealthCursorDye.png
Items/ATM.cs
Items/Vanities/CursorDyes/ManaCursorDye.cs
Items/Vanities/CursorDyes/ManaCursorDye.png
Items/Vanities/CursorDyes/SwordCursorDye.cs
Items/Vanities/CursorDyes/SwordCursorDye.png
Items/Vanities/Dyes/EnchantedDye.cs
NPCs/Glimmer/OmegaStar/OmegaRay.png
Items/Vanities/Dyes/EnchantedDye.png
Items/Vanities/Dyes/HypnoDye.cs
Assets/Textures/Extras/Extra_21.png
Items/Vanities/Dyes/HypnoDye.png
Assets/Textures/Extras/Extra_22.png
Items/Vanities/Dyes/OutlineDye.cs
Assets/Textures/Extras/Extra_23.png
Items/Vanities/Dyes/OutlineDye.png
Items/Vanities/Dyes/RainbowOutlineDye.cs
Items/Vanities/Dyes/RainbowOutlineDye.png
NPCs/Glimmer/OmegaStar/OmegaStarite.cs
Items/Vanities/Dyes/ScrollDye.cs
Assets/Textures/Extras/Extra_24.png
Items/Vanities/Dyes/ScrollDye.png
Items/CrabClock.cs
Items/Vanities/Dyes/SimplifiedDye.cs
Items/Vanities/Dyes/SimplifiedDye.png
Items/CrabClock.png
Items/Weapons/Magic/Staffs/Bubbler.cs
Items/Weapons/Magic/Staffs/Bubbler.png
Assets/Textures/Extras/Extra_25.png
Assets/Textures/Trail_0.png
Items/Weapons/Magic/Staffs/CrimsonHellStaff.png
Assets/Textures/Extras/Extra_26.png
Items/Weapons/Magic/Staffs/GebulbaStaff.cs
Assets/Textures/Extras/Extra_27.png
Items/Globebulb.cs
Assets/Textures/Extras/Extra_41.png
Assets/Textures/Extras/Extra_28.png
Items/Weapons/Magic/Staffs/GebulbaStaff.png
Items/Globebulb.png
Assets/Textures/Extras/Extra_42.png
Items/IUpdateEquipVisuals.cs
Items/Weapons/Magic/Staffs/MagicWand.cs
Items/IUpdatePiggybank.cs
Items/BuffItems/Foods/SuspiciousLookingSteak.png
Items/IUpdatePlayerSafe.cs
Items/BuffItems/Staffs/BatonofNightVision.cs
Items/SpectralLens.cs
Items/Weapons/Magic/Staffs/MagicWand.png
Items/Weapons/Magic/Staffs/MagmalbulbiaStaff.cs
Items/SpectralLens.png
Items/Weapons/Magic/Staffs/MagmalbulbiaStaff.png
Items/SpectreSoul.cs
Items/Accessories/Breadsoul.cs
Items/Weapons/Magic/Staffs/ScarletSea.cs
Assets/Textures/Extras/Extra_29.png
Items/Weapons/Magic/Staffs/ScarletSea.png
Assets/Textures/Trail_1.png
Assets/Textures/Extras/Extra_3.png
Items/Weapons/Magic/Staffs/SeltzerRain.cs
Assets/Textures/Extras/Extra_30.png
Items/Weapons/Magic/Staffs/SeltzerRain.png
Items/Weapons/Magic/Tomes/PentalScythe.cs
Assets/Textures/Extras/Extra_31.png
Items/Weapons/Magic/Tomes/PentalScythe.png
Assets/Textures/Extras/Extra_32.png
Items/Weapons/Melee/CrimsonHellSword.cs
Assets/Textures/Extras/Extra_43.png
Assets/Textures/Extras/Extra_33.png
Assets/Textures/Extras/Extra_5.png
Items/Weapons/Melee/CrimsonHellSword.png
Assets/Textures/Extras/Extra_34.png
Items/Weapons/Melee/Galactium.cs
Assets/Textures/Extras/Extra_6.png
Items/BuffItems/Staffs/BatonofNightVision.png
Items/Weapons/Melee/Galactium.png
Items/BuffItems/Staffs/BatonofRage.cs
Items/Weapons/Melee/KryptonSword.cs
Assets/Textures/Extras/Extra_7.png
Items/BuffItems/Staffs/BatonofRage.png
Items/Weapons/Melee/KryptonSword.png
Items/BuffItems/Staffs/BatonofWrath.cs
Assets/Textures/Extras/Extra_8.png
Items/Weapons/Melee/StariteBlade.cs
Assets/Textures/Extras/Extra_9.png
Items/BuffItems/Staffs/BatonofWrath.png
Items/BuffItems/Staffs/BuffBaton.cs
Items/Weapons/Melee/StariteBlade.png
Items/Weapons/Melee/VineSword.cs
Items/BuffItems/Staffs/BuffStaff.cs
Assets/Textures/Glows/Glow_0.png
Items/BuffItems/Staffs/StaffofIronskin.cs
Assets/Textures/Glows/Glow_1.png
Items/Weapons/Melee/VineSword.png
Items/BuffItems/Staffs/StaffofIronskin.png
Items/BuffItems/Staffs/StaffofNightVision.cs
Assets/Textures/Glows/Glow_10.png
Items/Weapons/Melee/XenonBasher.cs
Items/BuffItems/Staffs/StaffofNightVision.png
Items/BuffItems/Staffs/StaffofRegeneration.cs
Assets/Textures/Glows/Glow_11.png
Items/Weapons/Melee/XenonBasher.png
Items/BuffItems/Staffs/StaffofRegeneration.png
Items/BuffItems/Staffs/StaffofSwiftness.cs
Assets/Textures/Glows/Glow_12.png
Items/Weapons/Melee/Flails/CrimsonHellBallandChain.png
Assets/Textures/Glows/Glow_13.png
Items/BuffItems/Staffs/StaffofSwiftness.png
Assets/Textures/Glows/Glow_7.png
Items/BuffItems/Staffs/StaffofWaterBreathing.cs
Assets/Textures/Glows/Glow_14.png
Items/Weapons/Melee/Flails/CrimsonHellBallandChainProjectile.png
Items/Weapons/Melee/Flails/JerryClawFlail.cs
Assets/Textures/Glows/Glow_8.png
Assets/Textures/Trail_2.png
Items/BuffItems/Staffs/StaffofWaterBreathing.png
Items/Dedicated/DedicatedColors.cs
Assets/Textures/Glows/Glow_9.png
Items/Dedicated/DedicatedItemTooltips.cs
Items/Weapons/Melee/Flails/JerryClawFlail.png
Items/Dedicated/IDedicatedItem.cs
Assets/Textures/Lights/Light_0.png
Items/Weapons/Melee/Spears/ArgonSpear.cs
Items/Dedicated/Cataclysmic_Armageddon/MothmanMask.cs
Items/Dedicated/Cataclysmic_Armageddon/MothmanMask.png
Items/Weapons/Melee/Spears/ArgonSpear.png
Items/Dedicated/Dreadsoul/Dreadsoul.cs
Assets/Textures/Lights/Light_1.png
Items/Dedicated/Dreadsoul/Dreadsoul.png
Assets/Textures/Glows/Glow_15.png
Items/Weapons/Melee/Spears/ArgonSpearProjectile.png
Items/Dedicated/Gerd/Thunderbird.cs
Assets/Textures/Glows/Glow_16.png
Items/Weapons/Melee/Spears/HorizonSkies.cs
Items/Dedicated/Gerd/Thunderbird.png
Assets/Textures/Glows/Glow_17.png
Items/Dedicated/nalyddd/Narrizuul.cs
Items/Weapons/Melee/Spears/HorizonSkies.png
Items/Weapons/Melee/Spears/HorizonSkiesProjectile.png
Items/Dedicated/nalyddd/Narrizuul.png
Items/Dedicated/niker/Baguette.cs
Items/Weapons/Melee/Yoyos/Aphrodite.cs
Items/Dedicated/niker/Baguette.png
Items/Weapons/Melee/Yoyos/Aphrodite.png
Items/Dedicated/someperson/RustyKnife.cs
Items/Weapons/Melee/Yoyos/CrimsonHellYoyo.png
Items/Weapons/Melee/Yoyos/CrimsonHellYoyoProjectile.png
Assets/Textures/Trail_3.png
Items/Weapons/Melee/Yoyos/StariteSpinner.cs
Items/Weapons/Melee/Yoyos/StariteSpinner.png
Items/Weapons/Melee/Yoyos/Venus.cs
Assets/Textures/UI.png
Items/Weapons/Melee/Yoyos/Venus.png
Items/Weapons/Ranged/Bows/CinnabarBow.cs
Items/Weapons/Ranged/Bows/CinnabarBow.png
NPCs/Glimmer/OmegaStar/OmegaStarite.png
Items/Weapons/Ranged/Bows/CrimsonHellBow.png
Items/Weapons/Ranged/Dart/SpiralingTwilight.cs
NPCs/Glimmer/OmegaStar/OmegaStarite_Head_Boss.png
NPCs/Glimmer/OmegaStar/OrbCollider.cs
Items/Weapons/Ranged/Dart/SpiralingTwilight.png
Items/Dedicated/someperson/RustyKnife.png
Items/Weapons/Ranged/Dart/Sprinkler.cs
Items/Fishing/Blobfish.cs
NPCs/Glimmer/OmegaStar/RainbowStar.cs
Assets/Textures/Extras/Extra_35.png
Items/Weapons/Ranged/Dart/Sprinkler.png
NPCs/Glimmer/OmegaStar/RainbowStar.png
Items/Fishing/Blobfish.png
Items/Fishing/Combfish.cs
Items/Weapons/Ranged/Dart/StarPhish.cs
NPCs/Ocean/CrabSeasonEvent/ArrowCrab.cs
Items/Weapons/Ranged/Dart/StarPhish.png
Items/Fishing/Combfish.png
NPCs/Ocean/CrabSeasonEvent/ArrowCrab.png
Items/Fishing/Fizzler.cs
Items/Weapons/Ranged/Pistols/Raygun.cs
Items/Accessories/Breadsoul.png
Items/Accessories/CelesteTorus.cs
Assets/Textures/Extras/Extra_0.png
Assets/Textures/Lights/Light_10.png
Items/Weapons/Ranged/Pistols/Raygun.png
Items/Accessories/CelesteTorus.png
Items/Fishing/Fizzler.png
Items/Weapons/Ranged/Pistols/SpaceShot.cs
Items/Accessories/Extractor.cs
Items/Fishing/LarvaEel.cs
Assets/Textures/Lights/Light_11.png
NPCs/Ocean/CrabSeasonEvent/HermitCrab.cs
Items/Accessories/Extractor.png
Items/Weapons/Ranged/Pistols/SpaceShot.png
Items/Fishing/LarvaEel.png
Items/Weapons/Summon/MonoxiderStaff.cs
Assets/Textures/Glows/Glow_18.png
Items/Weapons/Summon/MonoxiderStaff.png
Assets/Textures/Glows/Glow_19.png
Items/Weapons/Summon/StariteStaff.cs
Assets/Textures/Glows/Glow_2.png
Items/Weapons/Summon/StariteStaff.png
NPCs/Ocean/CrabSeasonEvent/HermitCrab.png
Assets/Textures/Glows/Glow_20.png
Items/Weapons/Summon/Sentry/LotusStaff.cs
Assets/Textures/Glows/Glow_21.png
NPCs/Ocean/CrabSeasonEvent/SoliderCrabs.cs
Items/Weapons/Summon/Sentry/LotusStaff.png
Localization/AQText.cs
NPCs/Ocean/CrabSeasonEvent/SoliderCrabs.png
Items/Accessories/MinersFlashlight.cs
Assets/Textures/Lights/Light_12.png
NPCs/Ocean/CrabSeasonEvent/StriderCrab.cs
Localization/de-DE.lang
Items/Accessories/MinersFlashlight.png
NPCs/Ocean/CrabSeasonEvent/StriderCrab.png
NPCs/Ocean/CrabSeasonEvent/StriderCrabLaser.png
Items/Accessories/Terraroot.cs
Localization/en-US.lang
Items/Accessories/Terraroot.png
NPCs/Ocean/CrabSeasonEvent/StriderCrabLeg.png
Items/Accessories/Ultranium.cs
NPCs/Ocean/Crabson/CrabBubble.cs
Localization/es-ES.lang
Items/Accessories/Ultranium.png
NPCs/Ocean/Crabson/CrabBubble.png
Items/Accessories/Amulets/GhostAmulet.cs
NPCs/Ocean/Crabson/CrabsonPearl.cs
NPCs/Ocean/Crabson/JerryCrabson.png
Items/Accessories/Amulets/GhostAmulet.png
Items/Accessories/Amulets/SpiritAmulet.cs
NPCs/Ocean/Crabson/CrabsonPearl.png
NPCs/Ocean/Crabson/JerryCrabson_Head_Boss.png
Items/Accessories/Amulets/SpiritAmulet.png
NPCs/Ocean/Crabson/JerryClaw.cs
Items/Accessories/Amulets/VoodooAmulet.cs
NPCs/Town/Robster.cs
Items/Accessories/Amulets/VoodooAmulet.png
Items/Accessories/Amulets/WyvernAmulet.cs
Items/Fishing/Nessie.cs
Assets/Textures/Glows/Glow_22.png
Assets/Textures/Glows/Glow_23.png
Items/Fishing/Nessie.png
Items/Fishing/UltraEel.cs
Items/Fishing/UltraEel.png
Assets/Textures/Glows/Glow_24.png
Items/Fishing/Bait/CursedPopper.cs
Items/Fishing/Bait/CursedPopper.png
Assets/Textures/Glows/Glow_25.png
Items/Fishing/Bait/IchorPopper.cs
NPCs/Ocean/Crabson/JerryClaw.png
Items/Fishing/Bait/IchorPopper.png
Assets/Textures/Glows/Glow_26.png
Items/Fishing/Bait/MysticPopper.cs
Items/Accessories/Amulets/WyvernAmulet.png
NPCs/Ocean/Crabson/JerryClaw_Head_Boss.png
Items/Accessories/FishingSeals/CopperSeal.cs
Assets/Textures/Extras/Extra_36.png
Assets/Textures/Extras/Extra_37.png
Items/Accessories/FishingSeals/CopperSeal.png
NPCs/Ocean/Crabson/JerryCrabson.cs
Items/Accessories/FishingSeals/GoldSeal.cs
Projectiles/GlimmerStar.cs
Items/Accessories/FishingSeals/GoldSeal.png
Items/Accessories/FishingSeals/PlatinumSeal.cs
Assets/Textures/Lights/Light_13.png
Projectiles/GlimmerStar.png
Projectiles/KelBall.cs
NPCs/Town/Robster.png
Projectiles/KelBall.png
Items/Accessories/FishingSeals/PlatinumSeal.png
NPCs/Town/Robster_Head.png
Items/Accessories/FishingSeals/SilverSeal.cs
Projectiles/MechaSpiderLegs.cs
Projectiles/ATM.cs
Assets/Textures/Lights/Light_14.png
Projectiles/CelesteTorusProjectile.cs
Projectiles/SpectreSoul.cs
Assets/Textures/Lights/Light_15.png
Items/Accessories/FishingSeals/SilverSeal.png
Projectiles/DemonicFireball.cs
Projectiles/UltraExplosion.cs
Items/Accessories/Shields/TargeoftheBlodded.cs
Assets/Textures/Lights/Light_16.png
Projectiles/XenonSpore.cs
Projectiles/DemonicFireball.png
Items/Accessories/Shields/TargeoftheBlodded.png
Projectiles/XenonSpore.png
Assets/Textures/Lights/Light_17.png
Projectiles/DemonicFireballExplosion.cs
Projectiles/Bobbers/BeeBobber.cs
Items/Fishing/Bait/MysticPopper.png
Items/Fishing/Bait/PopperBait.cs
Projectiles/FlamingScythe.cs
Items/Fishing/QuestFish/Crabdaughter.cs
Assets/Textures/Lights/Light_18.png
Projectiles/Bobbers/BeeBobber.png
Projectiles/Bobbers/CrabBobber.cs
Projectiles/FlamingScythe.png
Projectiles/Bobbers/CrabBobber.png
Items/Fishing/QuestFish/Crabdaughter.png
Items/Fishing/QuestFish/WaterFisg.cs
Projectiles/Friend.cs
Projectiles/Magic/BloodOrb.cs
Assets/Textures/Lights/Light_19.png
Items/Fishing/QuestFish/WaterFisg.png
Projectiles/Magic/BloodOrb.png
Projectiles/Magic/BubblerBubble.cs
Projectiles/Friend.png
Items/Fishing/Rods/BeeRod.cs
Projectiles/GelBulb.cs
Projectiles/Magic/BubblerBubble.png
Items/Fishing/Rods/BeeRod.png
Projectiles/GelBulb.png
Items/Fishing/Rods/CrabRod.cs
Projectiles/Magic/FizzyBubble.cs
Projectiles/Magic/FizzyBubble.png
Projectiles/Minions/Monoxider.cs
Items/Fishing/Rods/CrabRod.png
Projectiles/Magic/MagicBolt.cs
Assets/Textures/Lights/Light_2.png
Items/GrapplingHooks/ChainTextureID.cs
Items/GrapplingHooks/ChainTextures.cs
Projectiles/Magic/MagicPillar.cs
Projectiles/Minions/Monoxider.png
Items/GrapplingHooks/StriderHook.cs
Projectiles/Magic/NarrenBolt.cs
Assets/Textures/Lights/Light_20.png
Projectiles/Minions/StariteMinion.cs
Items/GrapplingHooks/StriderHook.png
Assets/Textures/Extras/Extra_1.png
Projectiles/Magic/NarrenBolt.png
Projectiles/Melee/UltimaFlare.cs
Assets/Textures/Lights/Light_21.png
Assets/Textures/Glows/Glow_27.png
Projectiles/Minions/StariteMinion.png
Items/GrapplingHooks/StriderHookHook.png
Projectiles/Pets/MicroStarite.cs
Assets/Textures/Glows/Glow_28.png
Assets/Textures/Lights/Light_22.png
Items/GrapplingHooks/Barbs/CrabBarb.cs
Items/GrapplingHooks/Barbs/CrabBarb.png
Assets/Textures/Lights/Light_23.png
Projectiles/Pets/MicroStarite.png
Assets/Textures/Glows/Glow_29.png
Items/GrapplingHooks/Barbs/CrimtaneBarb.cs
Projectiles/Ranged/SpaceShot.cs
Projectiles/Ranged/SpaceShot.png
Assets/Textures/Glows/Glow_3.png
Items/GrapplingHooks/Barbs/CrimtaneBarb.png
Assets/Textures/Lights/Light_24.png
Items/GrapplingHooks/Barbs/DemoniteBarb.cs
Projectiles/Ranged/Bullets/Rays/RayBullet.cs
Assets/Textures/Glows/Glow_30.png
Items/GrapplingHooks/Barbs/DemoniteBarb.png
Projectiles/Ranged/Bullets/Rays/RayBullet.png
Assets/Textures/Glows/Glow_31.png
Items/GrapplingHooks/Barbs/MetalBarb.cs
Projectiles/Ranged/Bullets/Rays/RayChlorophyteBullet.cs
Assets/Textures/Glows/Glow_32.png
Assets/Textures/Lights/Light_25.png
Projectiles/Ranged/Bullets/Rays/RayChlorophyteBullet.png
Items/GrapplingHooks/Barbs/MetalBarb.png
Assets/Textures/Extras/Extra_10.png
Items/GrapplingHooks/Chains/Chain_0.png
Projectiles/Melee/Flails/JerryClaw.cs
Projectiles/Ranged/Bullets/Rays/RayCursedBullet.cs
Items/Accessories/Shields/TargeoftheBlodded_Shield.png
Projectiles/Ranged/Bullets/Rays/RayCursedBullet.png
Items/Accessories/Shoes/MoonShoes.cs
Items/Misc/BloodshedPotion.cs
Projectiles/Melee/Flails/JerryClaw.png
Projectiles/Ranged/Bullets/Rays/RayIchorBullet.cs
Projectiles/Melee/Yoyos/Aphrodite.cs
Items/Misc/BloodshedPotion.png
Items/Accessories/Shoes/MoonShoes.png
Assets/Textures/Extras/Extra_11.png
Items/Misc/CrabShell.cs
Assets/Textures/Extras/Extra_12.png
Items/Accessories/ShopCards/BlurryDiscountCard.cs
Projectiles/Ranged/Bullets/Rays/RayIchorBullet.png
Projectiles/Melee/Yoyos/Aphrodite.png
Items/Misc/CrabShell.png
Items/Misc/Lightbulb.cs
Projectiles/Ranged/Bullets/Rays/RayMeteorBullet.cs
Projectiles/Melee/Yoyos/StariteSpinner.cs
Items/Accessories/ShopCards/BlurryDiscountCard.png
Items/Misc/Lightbulb.png
Assets/Textures/Lights/Light_26.png
Items/Accessories/ShopCards/BusinessCard.cs
Items/Misc/NuclearFeather.cs
Projectiles/Ranged/Bullets/Rays/RayMeteorBullet.png
Assets/Textures/Extras/Extra_13.png
Projectiles/Ranged/Bullets/Rays/RayVenomBullet.cs
Projectiles/Melee/Yoyos/StariteSpinner.png
Items/Accessories/ShopCards/BusinessCard.png
Assets/Textures/Glows/Glow_33.png
Items/Misc/NuclearFeather.png
Projectiles/Melee/Yoyos/Venus.cs
Projectiles/Ranged/Bullets/Rays/RayVenomBullet.png
Items/Accessories/Wings/SparrowWings.cs
Items/Misc/PotionofContainers.cs
Assets/Textures/Glows/Glow_34.png
Projectiles/Melee/Yoyos/Venus.png
Projectiles/Summon/Lotus.cs
Assets/Textures/Lights/Light_27.png
Items/Misc/PotionofContainers.png
Items/Accessories/Wings/SparrowWings.png
Tiles/Bottles.png
Assets/Textures/Glows/Glow_35.png
Items/Misc/PotionofContainersTag.cs
Tiles/ExoticCoral.cs
Assets/Textures/Glows/Glow_36.png
Assets/Textures/Extras/Extra_14.png
Items/Accessories/Wings/SparrowWings_Wings.png
Assets/Textures/Lights/Light_28.png
Items/Armor/ArachnotronRevvers.cs
Projectiles/Summon/Lotus.png
Projectiles/Summon/LotusBall.cs
Assets/Textures/Extras/Extra_38.png
Items/Misc/Qi.cs
Tiles/ExoticCoral.png
Tiles/FishingCraftingStation.cs
Assets/Textures/Glows/Glow_37.png
Items/Armor/ArachnotronRevvers.png
Items/Misc/Qi.png
Items/Misc/UnityMirror.cs
Projectiles/Summon/LotusBall.png
Tiles/FishingCraftingStation.png
Assets/Textures/Extras/Extra_39.png
Assets/Textures/Extras/Extra_15.png
Items/Misc/UnityMirror.png
Items/Misc/Energies/AquaticEnergy.cs
Assets/Textures/Extras/Extra_16.png
Assets/Textures/Extras/Extra_4.png
Assets/Textures/Lights/Light_3.png
Assets/Textures/Extras/Extra_17.png
Assets/Textures/Extras/Extra_40.png
Assets/Textures/Extras/Extra_18.png
Assets/Textures/Lights/Light_4.png
Assets/Textures/Glows/Glow_45.png
Items/Misc/Energies/AquaticEnergy.png
Assets/Textures/Extras/Extra_19.png
Assets/Textures/Lights/Light_5.png
Assets/Textures/Glows/Glow_46.png
Buffs/SpicyEelBuff.png
Buffs/Spoiled.cs
Assets/Textures/Lights/Light_6.png
Items/Misc/Energies/AtmosphericEnergy.cs
Items/Armor/ArachnotronRevvers_Legs.png
Assets/Textures/Glows/Glow_47.png
Buffs/Spoiled.png
Items/Armor/ArachnotronRibcage.cs
Assets/Textures/Lights/Light_7.png
Buffs/Ultima.cs
Items/Misc/Energies/AtmosphericEnergy.png
Assets/Textures/Glows/Glow_48.png
Properties/launchSettings.json
Assets/Textures/Glows/Glow_38.png
Sounds/Custom/StariteSpeech.cs
Items/Armor/ArachnotronRibcage.png
Assets/Textures/Lights/Light_8.png
Buffs/Ultima.png
Tiles/GlimmeringStatue.cs
Buffs/Debuffs/Sparkling.cs
Items/Misc/Energies/AtmosphericEnergy_AprilFools.png
Items/Misc/Energies/CosmicEnergy.cs
Tiles/GlimmeringStatue.png
Assets/Textures/Lights/Light_9.png
Buffs/Debuffs/Sparkling.png
Buffs/Bossrush.cs
Items/Misc/Energies/CosmicEnergy.png
Buffs/Minion/Monoxider.cs
Tiles/GoreNest.cs
Sounds/Custom/StariteSpeech.mp3
Buffs/Bossrush.png
Sounds/Item/Boing.cs
Buffs/Opposing.cs
Buffs/Minion/Monoxider.png
Assets/Textures/Glows/Glow_49.png
Items/Misc/Energies/CosmicEnergy_Alt.png
Buffs/Minion/StariteMinion.cs
Tiles/GoreNest.png
Items/Misc/Energies/CosmicEnergy_AprilFools.png
Buffs/Minion/StariteMinion.png
Tiles/GoreNest_Highlight.png
Items/Misc/Energies/DemonicEnergy.cs
Tiles/JeweledCandelabra.cs
Buffs/Pets/MicroStarite.cs
Items/Misc/Energies/DemonicEnergy.png
Tiles/JeweledCandelabra.png
Buffs/Pets/MicroStarite.png
Items/Misc/Energies/DemonicEnergy_AprilFools.png
Tiles/NobleMushrooms.cs
Items/Misc/Energies/OrganicEnergy.cs
Common/AQItem.cs
Items/Armor/ArachnotronRibcage_Arms.png
Items/Misc/Energies/OrganicEnergy.png
Assets/Textures/Glows/Glow_39.png
Tiles/NobleMushrooms.png
Buffs/Opposing.png
Items/Misc/Energies/OrganicEnergy_AprilFools.png
Buffs/PrimeTime.cs
Tiles/Torches.cs
Assets/Textures/Glows/Glow_4.png
Items/Misc/Energies/UltimateEnergy.cs
Assets/Textures/Glows/Glow_5.png
Assets/Textures/Glows/Glow_40.png
Buffs/PrimeTime.png
Common/AQRecipes.cs
Buffs/SpectreHealing.cs
Items/Misc/Energies/UltimateEnergy.png
Common/AQSystem.cs
Assets/Textures/Glows/Glow_41.png
Assets/Textures/Glows/Glow_50.png
Items/Misc/Energies/UltimateEnergy_AprilFools.png
Common/AQTile.cs
Assets/Textures/Glows/Glow_42.png
Assets/Textures/Glows/Glow_51.png
Items/Misc/Markers/CosmicTelescope.cs
Common/WorldDefeats.cs
Assets/Textures/Glows/Glow_43.png
Items/Misc/Markers/CosmicTelescope.png
Common/WorldDrawLayers.cs
Common/AQUtils.cs
Common/WorldTimeManager.cs
Common/AQNPC.cs
Buffs/SpectreHealing.png
Common/Commands/AQCommand.cs
Buffs/SpicyEelBuff.cs
Common/AQProjectile.cs
Common/AQVisualsPlayer.cs
Common/DeveloperTools/SpotlightCircle.cs
Common/Commands/GlimmerEventCommands.cs
Content/MoonlightWallHelper.cs
Content/VeinmineHelper.cs
Common/IO/AQStringCodes.cs
Content/CursorDyes/CursorDyeHealth.cs
Common/Commands/RegisterableCommand.cs
Content/CursorDyes/CursorDyeMana.cs
Common/AQWorldGen.cs
Common/IO/MemoryWriter.cs
Content/CursorDyes/CursorDyeSword.cs
Common/CallManager.cs
Content/HookBarbs/HookBarbPlayer.cs
Common/Config/AQConfigClient.cs
Common/CameraManager.cs
Content/HookBarbs/HookBarbsProjectile.cs
Common/Config/AQConfigServer.cs
Common/Skies/GlimmerEventSky.cs
Dusts/ArgonDust.cs
Common/ChestTypeAndStyleToItemID.cs
Common/CursorDyes/CursorDye.cs
Common/Delegates.cs
Common/UserInterface/MapInterface.cs
Dusts/ArgonDust.png
Sounds/Item/Boing.wav
Dusts/ArgonMist.cs
Assets/Textures/Glows/Glow_44.png
Common/DrawMethods.cs
Common/CursorDyes/CursorDyeManager.cs
Tiles/AQBanners.cs
Items/Misc/Markers/DungeonMap.cs
Dusts/ArgonMist.png
Common/UserInterface/UIHelper.cs
Common/DeveloperTools/AQFiles.cs
Common/InvasionUI.cs
Common/UserInterface/ItemSlots/DyeSlotInteractionManager.cs
Dusts/ColorlessTransparentOrb.cs
Common/NPCIMethods.cs
Common/DeveloperTools/AQTests.cs
Common/UserInterface/ItemSlots/SlotInteractionManager.cs
Items/Misc/Markers/DungeonMap.png
Dusts/ColorlessTransparentOrb.png
Common/DeveloperTools/ImageCreationFunction.cs
Common/NPCShopManager.cs
Tiles/AQBanners.png
Common/UserInterface/ItemSlots/SlotInteractionManagerSingleStack.cs
Dusts/KryptonDust.cs
Items/Misc/Markers/LihzahrdMap.cs
Common/DeveloperTools/LangHelper.cs
Common/Parralax.cs
Tiles/Bottles.cs
Dusts/KryptonDust.png
Dusts/KryptonMist.cs
Dusts/KryptonMist.png
Items/Misc/Markers/LihzahrdMap.png
Items/Misc/Markers/MapMarker.cs
Common/DeveloperTools/ModHelpers.cs
Common/SpriteUtils.cs
Dusts/Mist.cs
Dusts/MonoDust.cs
Items/Misc/Markers/RetroGoggles.cs
Items/Armor/CrabSeason/HermitShell.png
Dusts/MonoDust.png
Dusts/UltimaDust.cs
Items/Misc/Markers/RetroGoggles.png
Items/Misc/QuestRobster/CrabCard.cs
Dusts/UltimaDust.png
Items/BossItems/Crabson/CrabsonTrophy.png
Dusts/XenonDust.cs
Items/Misc/QuestRobster/CrabCard.png
Items/Misc/QuestRobster/JeweledCandelabra.cs
Items/BossItems/Crabson/MushroomClam.cs
Dusts/XenonDust.png
Common/DeveloperTools/NCall.cs
Dusts/XenonMist.cs
Items/BossItems/Crabson/MushroomClam.png
Dusts/XenonMist.png
Items/BossItems/Starite/DragonBall.cs
Effects/DynamicColorArmorShaderData.cs
Common/WorldEffects/FishingPopperEffect.cs
Common/WorldEffects/WorldVisualEffect.cs
Effects/Hypno.fx
Items/BossItems/Starite/DragonBall.png
Common/WorldEvents/CrabSeason.cs
Items/BossItems/Starite/MythicStarfruit.cs
Effects/Hypno.xnb
Common/WorldEvents/GlimmerEvent.cs
Items/Armor/DartTrapHat_Head.png
Effects/Outline.fx
Items/Armor/LightbulbBreastplate.cs
Content/ContainerPotionRecipe.cs
Items/BossItems/Starite/MythicStarfruit.png
Effects/Outline.xnb
Content/MapMarkerPlayer.cs
Items/Armor/LightbulbBreastplate.png
Items/Armor/CrabSeason/HermitShell_Head.png
Items/BossItems/Starite/NovaFruit.cs
Content/MolitePotionRecipe.cs
Items/Armor/Strider/StriderCarapace.cs
Items/BossItems/Starite/NovaFruit.png
Items/Armor/Strider/StriderCarapace.png
Items/BossItems/Starite/OmegaStariteMask.cs
Items/Armor/ArachnotronRibcage_Body.png
Items/BossItems/Starite/OmegaStariteMask.png
Items/Armor/ArachnotronVisor.cs
Items/Armor/ArachnotronVisor.png
Items/Armor/LightbulbBreastplate_Arms.png
Items/Armor/Strider/StriderCarapace_Head.png
Items/Armor/Strider/StriderPalms.cs
Items/BossItems/Starite/OmegaStariteMask_Head.png
Items/Armor/Strider/StriderPalms.png
Items/BossItems/Starite/OmegaStariteTrophy.cs
Items/Armor/ArachnotronVisor_Head.png
Items/BossItems/Starite/OmegaStariteTrophy.png
Items/Armor/DartTrapHat.cs
Items/BossItems/Starite/StariteBag.cs
Items/Armor/DartTrapHat.png
Items/Armor/LightbulbBreastplate_Body.png
Items/Armor/Strider/StriderPalms_Legs.png
Items/BossItems/Crabson/Crabsol.cs
Items/BossItems/Crabson/Crabsol.png
Items/BossItems/Crabson/CrabsonBag.cs
Items/BossItems/Crabson/CrabsonBag.png
Items/Armor/LightbulbBreastplate_FemaleBody.png
Items/BossItems/Crabson/CrabsonMask.cs
Items/Armor/LightbulbGreaves.cs
Items/BossItems/Crabson/CrabsonMask.png
Items/Armor/LightbulbGreaves.png
Items/BossItems/Crabson/CrabsonMask_Head.png
Items/Armor/LightbulbGreaves_Legs.png
Items/BossItems/Crabson/CrabsonTrophy.cs
Items/Armor/LightbulbHelmet.cs
Items/Armor/LightbulbHelmet.png
Items/Armor/LightbulbHelmet_Head.png
Items/Armor/SuperDartTrapHat.cs
Items/Armor/SuperDartTrapHat.png
Items/Armor/SuperDartTrapHat_Head.png
Items/Armor/CrabSeason/HermitShell.cs
